[2023-06-18 17:55:24,985] {taskinstance.py:1179} INFO - Dependencies all met for <TaskInstance: Regions_ETL.conexion_BD manual__2023-06-18T17:55:08.409541+00:00 [queued]>
[2023-06-18 17:55:25,015] {taskinstance.py:1179} INFO - Dependencies all met for <TaskInstance: Regions_ETL.conexion_BD manual__2023-06-18T17:55:08.409541+00:00 [queued]>
[2023-06-18 17:55:25,016] {taskinstance.py:1376} INFO - 
--------------------------------------------------------------------------------
[2023-06-18 17:55:25,017] {taskinstance.py:1377} INFO - Starting attempt 1 of 6
[2023-06-18 17:55:25,020] {taskinstance.py:1378} INFO - 
--------------------------------------------------------------------------------
[2023-06-18 17:55:25,081] {taskinstance.py:1397} INFO - Executing <Task(PythonOperator): conexion_BD> on 2023-06-18 17:55:08.409541+00:00
[2023-06-18 17:55:25,090] {standard_task_runner.py:52} INFO - Started process 248 to run task
[2023-06-18 17:55:25,101] {standard_task_runner.py:79} INFO - Running: ['***', 'tasks', 'run', 'Regions_ETL', 'conexion_BD', 'manual__2023-06-18T17:55:08.409541+00:00', '--job-id', '11', '--raw', '--subdir', 'DAGS_FOLDER/ETL_Regions.py', '--cfg-path', '/tmp/tmpud0osf_d', '--error-file', '/tmp/tmp0jbsd5q7']
[2023-06-18 17:55:25,105] {standard_task_runner.py:80} INFO - Job 11: Subtask conexion_BD
[2023-06-18 17:55:25,319] {task_command.py:371} INFO - Running <TaskInstance: Regions_ETL.conexion_BD manual__2023-06-18T17:55:08.409541+00:00 [running]> on host 3f545ced9117
[2023-06-18 17:55:25,445] {logging_mixin.py:115} WARNING - /home/***/.local/lib/python3.7/site-packages/***/utils/context.py:202 AirflowContextDeprecationWarning: Accessing 'execution_date' from the template is deprecated and will be removed in a future version. Please use 'data_interval_start' or 'logical_date' instead.
[2023-06-18 17:55:25,793] {taskinstance.py:1591} INFO - Exporting the following env vars:
AIRFLOW_CTX_DAG_OWNER=gastonrios32
AIRFLOW_CTX_DAG_ID=Regions_ETL
AIRFLOW_CTX_TASK_ID=conexion_BD
AIRFLOW_CTX_EXECUTION_DATE=2023-06-18T17:55:08.409541+00:00
AIRFLOW_CTX_TRY_NUMBER=1
AIRFLOW_CTX_DAG_RUN_ID=manual__2023-06-18T17:55:08.409541+00:00
[2023-06-18 17:55:25,797] {logging_mixin.py:115} INFO - Conectandose a la BD en la fecha: 2023-06-18 17
[2023-06-18 17:55:27,091] {logging_mixin.py:115} INFO - <connection object at 0x7f168c2346e0; dsn: 'user=gastonrios32_coderhouse password=xxx dbname=data-engineer-database host=data-engineer-cluster.cyhh5bfevlmn.us-east-1.redshift.amazonaws.com port=5439', closed: 0>
[2023-06-18 17:55:27,092] {logging_mixin.py:115} INFO - Connected to Redshift successfully!
[2023-06-18 17:55:27,094] {python.py:173} INFO - Done. Returned value was: None
[2023-06-18 17:55:27,153] {taskinstance.py:1420} INFO - Marking task as SUCCESS. dag_id=Regions_ETL, task_id=conexion_BD, execution_date=20230618T175508, start_date=20230618T175524, end_date=20230618T175527
[2023-06-18 17:55:27,224] {local_task_job.py:156} INFO - Task exited with return code 0
[2023-06-18 17:55:27,312] {local_task_job.py:273} INFO - 1 downstream tasks scheduled from follow-on schedule check
