[2023-06-18 17:55:25,004] {taskinstance.py:1179} INFO - Dependencies all met for <TaskInstance: Regions_ETL.conexion_BD scheduled__2023-06-17T00:00:00+00:00 [queued]>
[2023-06-18 17:55:25,033] {taskinstance.py:1179} INFO - Dependencies all met for <TaskInstance: Regions_ETL.conexion_BD scheduled__2023-06-17T00:00:00+00:00 [queued]>
[2023-06-18 17:55:25,035] {taskinstance.py:1376} INFO - 
--------------------------------------------------------------------------------
[2023-06-18 17:55:25,036] {taskinstance.py:1377} INFO - Starting attempt 1 of 6
[2023-06-18 17:55:25,037] {taskinstance.py:1378} INFO - 
--------------------------------------------------------------------------------
[2023-06-18 17:55:25,105] {taskinstance.py:1397} INFO - Executing <Task(PythonOperator): conexion_BD> on 2023-06-17 00:00:00+00:00
[2023-06-18 17:55:25,122] {standard_task_runner.py:79} INFO - Running: ['***', 'tasks', 'run', 'Regions_ETL', 'conexion_BD', 'scheduled__2023-06-17T00:00:00+00:00', '--job-id', '12', '--raw', '--subdir', 'DAGS_FOLDER/ETL_Regions.py', '--cfg-path', '/tmp/tmpc2u42xy5', '--error-file', '/tmp/tmpp8edbugu']
[2023-06-18 17:55:25,126] {standard_task_runner.py:80} INFO - Job 12: Subtask conexion_BD
[2023-06-18 17:55:25,113] {standard_task_runner.py:52} INFO - Started process 249 to run task
[2023-06-18 17:55:25,311] {task_command.py:371} INFO - Running <TaskInstance: Regions_ETL.conexion_BD scheduled__2023-06-17T00:00:00+00:00 [running]> on host 3f545ced9117
[2023-06-18 17:55:25,437] {logging_mixin.py:115} WARNING - /home/***/.local/lib/python3.7/site-packages/***/utils/context.py:202 AirflowContextDeprecationWarning: Accessing 'execution_date' from the template is deprecated and will be removed in a future version. Please use 'data_interval_start' or 'logical_date' instead.
[2023-06-18 17:55:25,718] {taskinstance.py:1591} INFO - Exporting the following env vars:
AIRFLOW_CTX_DAG_OWNER=gastonrios32
AIRFLOW_CTX_DAG_ID=Regions_ETL
AIRFLOW_CTX_TASK_ID=conexion_BD
AIRFLOW_CTX_EXECUTION_DATE=2023-06-17T00:00:00+00:00
AIRFLOW_CTX_TRY_NUMBER=1
AIRFLOW_CTX_DAG_RUN_ID=scheduled__2023-06-17T00:00:00+00:00
[2023-06-18 17:55:25,722] {logging_mixin.py:115} INFO - Conectandose a la BD en la fecha: 2023-06-17 0
[2023-06-18 17:55:27,091] {logging_mixin.py:115} INFO - <connection object at 0x7f168c2376e0; dsn: 'user=gastonrios32_coderhouse password=xxx dbname=data-engineer-database host=data-engineer-cluster.cyhh5bfevlmn.us-east-1.redshift.amazonaws.com port=5439', closed: 0>
[2023-06-18 17:55:27,092] {logging_mixin.py:115} INFO - Connected to Redshift successfully!
[2023-06-18 17:55:27,094] {python.py:173} INFO - Done. Returned value was: None
[2023-06-18 17:55:27,155] {taskinstance.py:1420} INFO - Marking task as SUCCESS. dag_id=Regions_ETL, task_id=conexion_BD, execution_date=20230617T000000, start_date=20230618T175525, end_date=20230618T175527
[2023-06-18 17:55:27,224] {local_task_job.py:156} INFO - Task exited with return code 0
[2023-06-18 17:55:27,321] {local_task_job.py:273} INFO - 1 downstream tasks scheduled from follow-on schedule check
