[2023-06-18 16:42:24,056] {manager.py:480} INFO - Processing files using up to 2 processes at a time 
[2023-06-18 16:42:24,060] {manager.py:481} INFO - Process each file at most once every 10 seconds
[2023-06-18 16:42:24,061] {manager.py:483} INFO - Checking for new files in /opt/airflow/dags every 300 seconds
[2023-06-18 16:42:24,063] {manager.py:690} INFO - Searching for files in /opt/airflow/dags
[2023-06-18 16:42:24,135] {manager.py:693} INFO - There are 1 files in /opt/airflow/dags
[2023-06-18 16:42:24,305] {manager.py:809} INFO - 
================================================================================
DAG File Processing Stats

File Path                           PID  Runtime      # DAGs    # Errors  Last Runtime    Last Run
--------------------------------  -----  ---------  --------  ----------  --------------  ----------
/opt/airflow/dags/ETL_Regions.py    170  0.04s             0           0
================================================================================
[2023-06-18 16:42:54,532] {manager.py:809} INFO - 
================================================================================
DAG File Processing Stats

File Path                         PID    Runtime      # DAGs    # Errors  Last Runtime    Last Run
--------------------------------  -----  ---------  --------  ----------  --------------  -------------------
/opt/airflow/dags/ETL_Regions.py                           1           0  0.99s           2023-06-18T16:42:52
================================================================================
[2023-06-18 16:43:24,694] {manager.py:809} INFO - 
================================================================================
DAG File Processing Stats

File Path                           PID  Runtime      # DAGs    # Errors  Last Runtime    Last Run
--------------------------------  -----  ---------  --------  ----------  --------------  -------------------
/opt/airflow/dags/ETL_Regions.py    200  0.29s             1           0  0.86s           2023-06-18T16:43:14
================================================================================
[2023-06-18 16:43:54,855] {manager.py:809} INFO - 
================================================================================
DAG File Processing Stats

File Path                         PID    Runtime      # DAGs    # Errors  Last Runtime    Last Run
--------------------------------  -----  ---------  --------  ----------  --------------  -------------------
/opt/airflow/dags/ETL_Regions.py                           1           0  0.88s           2023-06-18T16:43:47
================================================================================
[2023-06-18 16:44:25,022] {manager.py:809} INFO - 
================================================================================
DAG File Processing Stats

File Path                         PID    Runtime      # DAGs    # Errors  Last Runtime    Last Run
--------------------------------  -----  ---------  --------  ----------  --------------  -------------------
/opt/airflow/dags/ETL_Regions.py                           1           0  0.79s           2023-06-18T16:44:20
================================================================================
[2023-06-18 16:44:55,232] {manager.py:809} INFO - 
================================================================================
DAG File Processing Stats

File Path                         PID    Runtime      # DAGs    # Errors  Last Runtime    Last Run
--------------------------------  -----  ---------  --------  ----------  --------------  -------------------
/opt/airflow/dags/ETL_Regions.py                           1           0  0.82s           2023-06-18T16:44:52
================================================================================
[2023-06-18 16:45:25,443] {manager.py:809} INFO - 
================================================================================
DAG File Processing Stats

File Path                         PID    Runtime      # DAGs    # Errors  Last Runtime    Last Run
--------------------------------  -----  ---------  --------  ----------  --------------  -------------------
/opt/airflow/dags/ETL_Regions.py                           1           0  0.80s           2023-06-18T16:45:25
================================================================================
[2023-06-18 16:45:55,606] {manager.py:809} INFO - 
================================================================================
DAG File Processing Stats

File Path                         PID    Runtime      # DAGs    # Errors  Last Runtime    Last Run
--------------------------------  -----  ---------  --------  ----------  --------------  -------------------
/opt/airflow/dags/ETL_Regions.py                           1           0  0.97s           2023-06-18T16:45:47
================================================================================
[2023-06-18 16:46:25,809] {manager.py:809} INFO - 
================================================================================
DAG File Processing Stats

File Path                         PID    Runtime      # DAGs    # Errors  Last Runtime    Last Run
--------------------------------  -----  ---------  --------  ----------  --------------  -------------------
/opt/airflow/dags/ETL_Regions.py                           1           0  1.19s           2023-06-18T16:46:20
================================================================================
[2023-06-18 16:46:55,980] {manager.py:809} INFO - 
================================================================================
DAG File Processing Stats

File Path                         PID    Runtime      # DAGs    # Errors  Last Runtime    Last Run
--------------------------------  -----  ---------  --------  ----------  --------------  -------------------
/opt/airflow/dags/ETL_Regions.py                           1           0  0.91s           2023-06-18T16:46:53
================================================================================
[2023-06-18 16:47:24,080] {manager.py:690} INFO - Searching for files in /opt/airflow/dags
[2023-06-18 16:47:24,285] {manager.py:693} INFO - There are 1 files in /opt/airflow/dags
[2023-06-18 16:47:26,107] {manager.py:809} INFO - 
================================================================================
DAG File Processing Stats

File Path                         PID    Runtime      # DAGs    # Errors  Last Runtime    Last Run
--------------------------------  -----  ---------  --------  ----------  --------------  -------------------
/opt/airflow/dags/ETL_Regions.py                           1           0  0.93s           2023-06-18T16:47:15
================================================================================
[2023-06-18 16:47:55,903] {manager.py:809} INFO - 
================================================================================
DAG File Processing Stats

File Path                         PID    Runtime      # DAGs    # Errors  Last Runtime    Last Run
--------------------------------  -----  ---------  --------  ----------  --------------  -------------------
/opt/airflow/dags/ETL_Regions.py                           1           0  3.39s           2023-06-18T16:47:48
================================================================================
[2023-06-18 16:48:27,678] {manager.py:809} INFO - 
================================================================================
DAG File Processing Stats

File Path                         PID    Runtime      # DAGs    # Errors  Last Runtime    Last Run
--------------------------------  -----  ---------  --------  ----------  --------------  -------------------
/opt/airflow/dags/ETL_Regions.py                           1           0  1.01s           2023-06-18T16:48:19
================================================================================
[2023-06-18 16:48:58,100] {manager.py:809} INFO - 
================================================================================
DAG File Processing Stats

File Path                         PID    Runtime      # DAGs    # Errors  Last Runtime    Last Run
--------------------------------  -----  ---------  --------  ----------  --------------  -------------------
/opt/airflow/dags/ETL_Regions.py                           1           0  0.84s           2023-06-18T16:48:52
================================================================================
[2023-06-18 16:49:28,317] {manager.py:809} INFO - 
================================================================================
DAG File Processing Stats

File Path                         PID    Runtime      # DAGs    # Errors  Last Runtime    Last Run
--------------------------------  -----  ---------  --------  ----------  --------------  -------------------
/opt/airflow/dags/ETL_Regions.py                           1           0  0.91s           2023-06-18T16:49:25
================================================================================
[2023-06-18 16:49:58,494] {manager.py:809} INFO - 
================================================================================
DAG File Processing Stats

File Path                           PID  Runtime      # DAGs    # Errors  Last Runtime    Last Run
--------------------------------  -----  ---------  --------  ----------  --------------  -------------------
/opt/airflow/dags/ETL_Regions.py    404  0.84s             1           0  0.89s           2023-06-18T16:49:47
================================================================================
[2023-06-18 16:50:28,546] {manager.py:809} INFO - 
================================================================================
DAG File Processing Stats

File Path                         PID    Runtime      # DAGs    # Errors  Last Runtime    Last Run
--------------------------------  -----  ---------  --------  ----------  --------------  -------------------
/opt/airflow/dags/ETL_Regions.py                           1           0  1.05s           2023-06-18T16:50:20
================================================================================
[2023-06-18 16:50:58,613] {manager.py:809} INFO - 
================================================================================
DAG File Processing Stats

File Path                         PID    Runtime      # DAGs    # Errors  Last Runtime    Last Run
--------------------------------  -----  ---------  --------  ----------  --------------  -------------------
/opt/airflow/dags/ETL_Regions.py                           1           0  0.93s           2023-06-18T16:50:54
================================================================================
[2023-06-18 16:51:29,110] {manager.py:809} INFO - 
================================================================================
DAG File Processing Stats

File Path                           PID  Runtime      # DAGs    # Errors  Last Runtime    Last Run
--------------------------------  -----  ---------  --------  ----------  --------------  -------------------
/opt/airflow/dags/ETL_Regions.py    452  0.79s             1           0  1.17s           2023-06-18T16:51:18
================================================================================
[2023-06-18 16:51:59,393] {manager.py:809} INFO - 
================================================================================
DAG File Processing Stats

File Path                         PID    Runtime      # DAGs    # Errors  Last Runtime    Last Run
--------------------------------  -----  ---------  --------  ----------  --------------  -------------------
/opt/airflow/dags/ETL_Regions.py                           1           0  0.89s           2023-06-18T16:51:51
================================================================================
[2023-06-18 16:52:24,321] {manager.py:690} INFO - Searching for files in /opt/airflow/dags
[2023-06-18 16:52:24,612] {manager.py:693} INFO - There are 1 files in /opt/airflow/dags
[2023-06-18 16:52:29,706] {manager.py:809} INFO - 
================================================================================
DAG File Processing Stats

File Path                         PID    Runtime      # DAGs    # Errors  Last Runtime    Last Run
--------------------------------  -----  ---------  --------  ----------  --------------  -------------------
/opt/airflow/dags/ETL_Regions.py                           1           0  1.75s           2023-06-18T16:52:25
================================================================================
[2023-06-18 16:52:59,711] {manager.py:809} INFO - 
================================================================================
DAG File Processing Stats

File Path                         PID    Runtime      # DAGs    # Errors  Last Runtime    Last Run
--------------------------------  -----  ---------  --------  ----------  --------------  -------------------
/opt/airflow/dags/ETL_Regions.py                           1           0  0.84s           2023-06-18T16:52:57
================================================================================
[2023-06-18 16:53:30,079] {manager.py:809} INFO - 
================================================================================
DAG File Processing Stats

File Path                           PID  Runtime      # DAGs    # Errors  Last Runtime    Last Run
--------------------------------  -----  ---------  --------  ----------  --------------  -------------------
/opt/airflow/dags/ETL_Regions.py    518  0.48s             1           0  0.89s           2023-06-18T16:53:19
================================================================================
[2023-06-18 16:54:00,255] {manager.py:809} INFO - 
================================================================================
DAG File Processing Stats

File Path                         PID    Runtime      # DAGs    # Errors  Last Runtime    Last Run
--------------------------------  -----  ---------  --------  ----------  --------------  -------------------
/opt/airflow/dags/ETL_Regions.py                           1           0  0.85s           2023-06-18T16:53:52
================================================================================
[2023-06-18 16:54:30,477] {manager.py:809} INFO - 
================================================================================
DAG File Processing Stats

File Path                         PID    Runtime      # DAGs    # Errors  Last Runtime    Last Run
--------------------------------  -----  ---------  --------  ----------  --------------  -------------------
/opt/airflow/dags/ETL_Regions.py                           1           0  0.85s           2023-06-18T16:54:25
================================================================================
[2023-06-18 16:55:00,634] {manager.py:809} INFO - 
================================================================================
DAG File Processing Stats

File Path                         PID    Runtime      # DAGs    # Errors  Last Runtime    Last Run
--------------------------------  -----  ---------  --------  ----------  --------------  -------------------
/opt/airflow/dags/ETL_Regions.py                           1           0  0.87s           2023-06-18T16:54:57
================================================================================
[2023-06-18 16:55:30,638] {manager.py:809} INFO - 
================================================================================
DAG File Processing Stats

File Path                         PID    Runtime      # DAGs    # Errors  Last Runtime    Last Run
--------------------------------  -----  ---------  --------  ----------  --------------  -------------------
/opt/airflow/dags/ETL_Regions.py                           1           0  0.83s           2023-06-18T16:55:30
================================================================================
[2023-06-18 16:56:01,021] {manager.py:809} INFO - 
================================================================================
DAG File Processing Stats

File Path                         PID    Runtime      # DAGs    # Errors  Last Runtime    Last Run
--------------------------------  -----  ---------  --------  ----------  --------------  -------------------
/opt/airflow/dags/ETL_Regions.py                           1           0  0.89s           2023-06-18T16:55:52
================================================================================
[2023-06-18 16:56:31,218] {manager.py:809} INFO - 
================================================================================
DAG File Processing Stats

File Path                         PID    Runtime      # DAGs    # Errors  Last Runtime    Last Run
--------------------------------  -----  ---------  --------  ----------  --------------  -------------------
/opt/airflow/dags/ETL_Regions.py                           1           0  2.34s           2023-06-18T16:56:28
================================================================================
[2023-06-18 16:57:01,725] {manager.py:809} INFO - 
================================================================================
DAG File Processing Stats

File Path                         PID    Runtime      # DAGs    # Errors  Last Runtime    Last Run
--------------------------------  -----  ---------  --------  ----------  --------------  -------------------
/opt/airflow/dags/ETL_Regions.py                           1           0  2.70s           2023-06-18T16:56:52
================================================================================
[2023-06-18 16:57:25,515] {manager.py:690} INFO - Searching for files in /opt/airflow/dags
[2023-06-18 16:57:25,969] {manager.py:693} INFO - There are 1 files in /opt/airflow/dags
[2023-06-18 16:57:31,833] {manager.py:809} INFO - 
================================================================================
DAG File Processing Stats

File Path                         PID    Runtime      # DAGs    # Errors  Last Runtime    Last Run
--------------------------------  -----  ---------  --------  ----------  --------------  -------------------
/opt/airflow/dags/ETL_Regions.py                           1           0  1.72s           2023-06-18T16:57:28
================================================================================
[2023-06-18 16:58:01,880] {manager.py:809} INFO - 
================================================================================
DAG File Processing Stats

File Path                         PID    Runtime      # DAGs    # Errors  Last Runtime    Last Run
--------------------------------  -----  ---------  --------  ----------  --------------  -------------------
/opt/airflow/dags/ETL_Regions.py                           1           0  1.54s           2023-06-18T16:57:52
================================================================================
[2023-06-18 16:58:32,006] {manager.py:809} INFO - 
================================================================================
DAG File Processing Stats

File Path                         PID    Runtime      # DAGs    # Errors  Last Runtime    Last Run
--------------------------------  -----  ---------  --------  ----------  --------------  -------------------
/opt/airflow/dags/ETL_Regions.py                           1           0  1.48s           2023-06-18T16:58:27
================================================================================
[2023-06-18 16:59:02,111] {manager.py:809} INFO - 
================================================================================
DAG File Processing Stats

File Path                           PID  Runtime      # DAGs    # Errors  Last Runtime    Last Run
--------------------------------  -----  ---------  --------  ----------  --------------  -------------------
/opt/airflow/dags/ETL_Regions.py    692  0.55s             1           0  1.47s           2023-06-18T16:58:51
================================================================================
[2023-06-18 16:59:32,649] {manager.py:809} INFO - 
================================================================================
DAG File Processing Stats

File Path                         PID    Runtime      # DAGs    # Errors  Last Runtime    Last Run
--------------------------------  -----  ---------  --------  ----------  --------------  -------------------
/opt/airflow/dags/ETL_Regions.py                           1           0  1.16s           2023-06-18T16:59:26
================================================================================
[2023-06-18 17:00:02,783] {manager.py:809} INFO - 
================================================================================
DAG File Processing Stats

File Path                         PID    Runtime      # DAGs    # Errors  Last Runtime    Last Run
--------------------------------  -----  ---------  --------  ----------  --------------  -------------------
/opt/airflow/dags/ETL_Regions.py                           1           0  1.60s           2023-06-18T17:00:01
================================================================================
[2023-06-18 17:00:33,032] {manager.py:809} INFO - 
================================================================================
DAG File Processing Stats

File Path                         PID    Runtime      # DAGs    # Errors  Last Runtime    Last Run
--------------------------------  -----  ---------  --------  ----------  --------------  -------------------
/opt/airflow/dags/ETL_Regions.py                           1           0  1.57s           2023-06-18T17:00:25
================================================================================
[2023-06-18 17:01:03,436] {manager.py:809} INFO - 
================================================================================
DAG File Processing Stats

File Path                         PID    Runtime      # DAGs    # Errors  Last Runtime    Last Run
--------------------------------  -----  ---------  --------  ----------  --------------  -------------------
/opt/airflow/dags/ETL_Regions.py                           1           0  2.51s           2023-06-18T17:01:02
================================================================================
[2023-06-18 17:01:33,900] {manager.py:809} INFO - 
================================================================================
DAG File Processing Stats

File Path                         PID    Runtime      # DAGs    # Errors  Last Runtime    Last Run
--------------------------------  -----  ---------  --------  ----------  --------------  -------------------
/opt/airflow/dags/ETL_Regions.py                           1           0  2.14s           2023-06-18T17:01:26
================================================================================
[2023-06-18 17:02:04,236] {manager.py:809} INFO - 
================================================================================
DAG File Processing Stats

File Path                         PID    Runtime      # DAGs    # Errors  Last Runtime    Last Run
--------------------------------  -----  ---------  --------  ----------  --------------  -------------------
/opt/airflow/dags/ETL_Regions.py                           1           0  1.53s           2023-06-18T17:02:02
================================================================================
[2023-06-18 17:02:25,630] {manager.py:690} INFO - Searching for files in /opt/airflow/dags
[2023-06-18 17:02:25,703] {manager.py:693} INFO - There are 1 files in /opt/airflow/dags
[2023-06-18 17:02:34,355] {manager.py:809} INFO - 
================================================================================
DAG File Processing Stats

File Path                         PID    Runtime      # DAGs    # Errors  Last Runtime    Last Run
--------------------------------  -----  ---------  --------  ----------  --------------  -------------------
/opt/airflow/dags/ETL_Regions.py                           1           0  1.35s           2023-06-18T17:02:25
================================================================================
[2023-06-18 17:03:04,774] {manager.py:809} INFO - 
================================================================================
DAG File Processing Stats

File Path                         PID    Runtime      # DAGs    # Errors  Last Runtime    Last Run
--------------------------------  -----  ---------  --------  ----------  --------------  -------------------
/opt/airflow/dags/ETL_Regions.py                           1           0  1.36s           2023-06-18T17:03:01
================================================================================
[2023-06-18 17:03:35,371] {manager.py:809} INFO - 
================================================================================
DAG File Processing Stats

File Path                           PID  Runtime      # DAGs    # Errors  Last Runtime    Last Run
--------------------------------  -----  ---------  --------  ----------  --------------  -------------------
/opt/airflow/dags/ETL_Regions.py    830  1.02s             1           0  1.66s           2023-06-18T17:03:24
================================================================================
[2023-06-18 17:04:06,015] {manager.py:809} INFO - 
================================================================================
DAG File Processing Stats

File Path                         PID    Runtime      # DAGs    # Errors  Last Runtime    Last Run
--------------------------------  -----  ---------  --------  ----------  --------------  -------------------
/opt/airflow/dags/ETL_Regions.py                           1           0  2.16s           2023-06-18T17:04:00
================================================================================
[2023-06-18 17:04:36,232] {manager.py:809} INFO - 
================================================================================
DAG File Processing Stats

File Path                         PID    Runtime      # DAGs    # Errors  Last Runtime    Last Run
--------------------------------  -----  ---------  --------  ----------  --------------  -------------------
/opt/airflow/dags/ETL_Regions.py                           1           0  1.29s           2023-06-18T17:04:34
================================================================================
[2023-06-18 17:05:06,244] {manager.py:809} INFO - 
================================================================================
DAG File Processing Stats

File Path                         PID    Runtime      # DAGs    # Errors  Last Runtime    Last Run
--------------------------------  -----  ---------  --------  ----------  --------------  -------------------
/opt/airflow/dags/ETL_Regions.py                           1           0  2.15s           2023-06-18T17:04:59
================================================================================
[2023-06-18 17:05:36,429] {manager.py:809} INFO - 
================================================================================
DAG File Processing Stats

File Path                         PID    Runtime      # DAGs    # Errors  Last Runtime    Last Run
--------------------------------  -----  ---------  --------  ----------  --------------  -------------------
/opt/airflow/dags/ETL_Regions.py                           1           0  2.24s           2023-06-18T17:05:35
================================================================================
[2023-06-18 17:06:06,492] {manager.py:809} INFO - 
================================================================================
DAG File Processing Stats

File Path                         PID    Runtime      # DAGs    # Errors  Last Runtime    Last Run
--------------------------------  -----  ---------  --------  ----------  --------------  -------------------
/opt/airflow/dags/ETL_Regions.py                           1           0  1.18s           2023-06-18T17:05:59
================================================================================
[2023-06-18 17:06:36,637] {manager.py:809} INFO - 
================================================================================
DAG File Processing Stats

File Path                         PID    Runtime      # DAGs    # Errors  Last Runtime    Last Run
--------------------------------  -----  ---------  --------  ----------  --------------  -------------------
/opt/airflow/dags/ETL_Regions.py                           1           0  1.83s           2023-06-18T17:06:34
================================================================================
[2023-06-18 17:07:06,684] {manager.py:809} INFO - 
================================================================================
DAG File Processing Stats

File Path                         PID    Runtime      # DAGs    # Errors  Last Runtime    Last Run
--------------------------------  -----  ---------  --------  ----------  --------------  -------------------
/opt/airflow/dags/ETL_Regions.py                           1           0  2.35s           2023-06-18T17:06:59
================================================================================
[2023-06-18 17:07:26,288] {manager.py:690} INFO - Searching for files in /opt/airflow/dags
[2023-06-18 17:07:26,378] {manager.py:693} INFO - There are 1 files in /opt/airflow/dags
[2023-06-18 17:07:37,194] {manager.py:809} INFO - 
================================================================================
DAG File Processing Stats

File Path                         PID    Runtime      # DAGs    # Errors  Last Runtime    Last Run
--------------------------------  -----  ---------  --------  ----------  --------------  -------------------
/opt/airflow/dags/ETL_Regions.py                           1           0  1.69s           2023-06-18T17:07:37
================================================================================
[2023-06-18 17:08:07,769] {manager.py:809} INFO - 
================================================================================
DAG File Processing Stats

File Path                         PID    Runtime      # DAGs    # Errors  Last Runtime    Last Run
--------------------------------  -----  ---------  --------  ----------  --------------  -------------------
/opt/airflow/dags/ETL_Regions.py                           1           0  1.47s           2023-06-18T17:08:00
================================================================================
[2023-06-18 17:08:38,173] {manager.py:809} INFO - 
================================================================================
DAG File Processing Stats

File Path                         PID    Runtime      # DAGs    # Errors  Last Runtime    Last Run
--------------------------------  -----  ---------  --------  ----------  --------------  -------------------
/opt/airflow/dags/ETL_Regions.py                           1           0  1.50s           2023-06-18T17:08:36
================================================================================
[2023-06-18 17:09:08,706] {manager.py:809} INFO - 
================================================================================
DAG File Processing Stats

File Path                         PID    Runtime      # DAGs    # Errors  Last Runtime    Last Run
--------------------------------  -----  ---------  --------  ----------  --------------  -------------------
/opt/airflow/dags/ETL_Regions.py                           1           0  1.83s           2023-06-18T17:08:59
================================================================================
[2023-06-18 17:09:39,152] {manager.py:809} INFO - 
================================================================================
DAG File Processing Stats

File Path                         PID    Runtime      # DAGs    # Errors  Last Runtime    Last Run
--------------------------------  -----  ---------  --------  ----------  --------------  -------------------
/opt/airflow/dags/ETL_Regions.py                           1           0  2.00s           2023-06-18T17:09:35
================================================================================
[2023-06-18 17:10:09,514] {manager.py:809} INFO - 
================================================================================
DAG File Processing Stats

File Path                         PID    Runtime      # DAGs    # Errors  Last Runtime    Last Run
--------------------------------  -----  ---------  --------  ----------  --------------  -------------------
/opt/airflow/dags/ETL_Regions.py                           1           0  3.55s           2023-06-18T17:10:00
================================================================================
[2023-06-18 17:10:39,696] {manager.py:809} INFO - 
================================================================================
DAG File Processing Stats

File Path                         PID    Runtime      # DAGs    # Errors  Last Runtime    Last Run
--------------------------------  -----  ---------  --------  ----------  --------------  -------------------
/opt/airflow/dags/ETL_Regions.py                           1           0  2.00s           2023-06-18T17:10:35
================================================================================
[2023-06-18 17:11:10,136] {manager.py:809} INFO - 
================================================================================
DAG File Processing Stats

File Path                           PID  Runtime      # DAGs    # Errors  Last Runtime    Last Run
--------------------------------  -----  ---------  --------  ----------  --------------  -------------------
/opt/airflow/dags/ETL_Regions.py   1058  0.01s             1           0  1.44s           2023-06-18T17:11:00
================================================================================
[2023-06-18 17:11:40,403] {manager.py:809} INFO - 
================================================================================
DAG File Processing Stats

File Path                         PID    Runtime      # DAGs    # Errors  Last Runtime    Last Run
--------------------------------  -----  ---------  --------  ----------  --------------  -------------------
/opt/airflow/dags/ETL_Regions.py                           1           0  1.17s           2023-06-18T17:11:34
================================================================================
[2023-06-18 17:12:10,546] {manager.py:809} INFO - 
================================================================================
DAG File Processing Stats

File Path                         PID    Runtime      # DAGs    # Errors  Last Runtime    Last Run
--------------------------------  -----  ---------  --------  ----------  --------------  -------------------
/opt/airflow/dags/ETL_Regions.py                           1           0  1.32s           2023-06-18T17:12:09
================================================================================
[2023-06-18 17:12:26,636] {manager.py:690} INFO - Searching for files in /opt/airflow/dags
[2023-06-18 17:12:26,705] {manager.py:693} INFO - There are 1 files in /opt/airflow/dags
[2023-06-18 17:12:40,843] {manager.py:809} INFO - 
================================================================================
DAG File Processing Stats

File Path                         PID    Runtime      # DAGs    # Errors  Last Runtime    Last Run
--------------------------------  -----  ---------  --------  ----------  --------------  -------------------
/opt/airflow/dags/ETL_Regions.py                           1           0  1.04s           2023-06-18T17:12:31
================================================================================
[2023-06-18 17:13:11,432] {manager.py:809} INFO - 
================================================================================
DAG File Processing Stats

File Path                         PID    Runtime      # DAGs    # Errors  Last Runtime    Last Run
--------------------------------  -----  ---------  --------  ----------  --------------  -------------------
/opt/airflow/dags/ETL_Regions.py                           1           0  1.33s           2023-06-18T17:13:05
================================================================================
[2023-06-18 17:13:42,367] {manager.py:809} INFO - 
================================================================================
DAG File Processing Stats

File Path                         PID    Runtime      # DAGs    # Errors  Last Runtime    Last Run
--------------------------------  -----  ---------  --------  ----------  --------------  -------------------
/opt/airflow/dags/ETL_Regions.py                           1           0  1.22s           2023-06-18T17:13:40
================================================================================
[2023-06-18 17:14:12,836] {manager.py:809} INFO - 
================================================================================
DAG File Processing Stats

File Path                         PID    Runtime      # DAGs    # Errors  Last Runtime    Last Run
--------------------------------  -----  ---------  --------  ----------  --------------  -------------------
/opt/airflow/dags/ETL_Regions.py                           1           0  1.36s           2023-06-18T17:14:03
================================================================================
[2023-06-18 17:14:43,125] {manager.py:809} INFO - 
================================================================================
DAG File Processing Stats

File Path                         PID    Runtime      # DAGs    # Errors  Last Runtime    Last Run
--------------------------------  -----  ---------  --------  ----------  --------------  -------------------
/opt/airflow/dags/ETL_Regions.py                           1           0  3.13s           2023-06-18T17:14:39
================================================================================
[2023-06-18 17:15:13,285] {manager.py:809} INFO - 
================================================================================
DAG File Processing Stats

File Path                         PID    Runtime      # DAGs    # Errors  Last Runtime    Last Run
--------------------------------  -----  ---------  --------  ----------  --------------  -------------------
/opt/airflow/dags/ETL_Regions.py                           1           0  1.15s           2023-06-18T17:15:06
================================================================================
[2023-06-18 17:15:43,631] {manager.py:809} INFO - 
================================================================================
DAG File Processing Stats

File Path                         PID    Runtime      # DAGs    # Errors  Last Runtime    Last Run
--------------------------------  -----  ---------  --------  ----------  --------------  -------------------
/opt/airflow/dags/ETL_Regions.py                           1           0  1.40s           2023-06-18T17:15:40
================================================================================
[2023-06-18 17:16:13,667] {manager.py:809} INFO - 
================================================================================
DAG File Processing Stats

File Path                           PID  Runtime      # DAGs    # Errors  Last Runtime    Last Run
--------------------------------  -----  ---------  --------  ----------  --------------  -------------------
/opt/airflow/dags/ETL_Regions.py   1214  0.04s             1           0  1.05s           2023-06-18T17:16:03
================================================================================
[2023-06-18 17:16:43,933] {manager.py:809} INFO - 
================================================================================
DAG File Processing Stats

File Path                         PID    Runtime      # DAGs    # Errors  Last Runtime    Last Run
--------------------------------  -----  ---------  --------  ----------  --------------  -------------------
/opt/airflow/dags/ETL_Regions.py                           1           0  1.14s           2023-06-18T17:16:36
================================================================================
[2023-06-18 17:17:14,436] {manager.py:809} INFO - 
================================================================================
DAG File Processing Stats

File Path                         PID    Runtime      # DAGs    # Errors  Last Runtime    Last Run
--------------------------------  -----  ---------  --------  ----------  --------------  -------------------
/opt/airflow/dags/ETL_Regions.py                           1           0  1.22s           2023-06-18T17:17:10
================================================================================
[2023-06-18 17:17:26,702] {manager.py:690} INFO - Searching for files in /opt/airflow/dags
[2023-06-18 17:17:26,776] {manager.py:693} INFO - There are 1 files in /opt/airflow/dags
[2023-06-18 17:17:45,061] {manager.py:809} INFO - 
================================================================================
DAG File Processing Stats

File Path                         PID    Runtime      # DAGs    # Errors  Last Runtime    Last Run
--------------------------------  -----  ---------  --------  ----------  --------------  -------------------
/opt/airflow/dags/ETL_Regions.py                           1           0  1.15s           2023-06-18T17:17:44
================================================================================
[2023-06-18 17:18:15,366] {manager.py:809} INFO - 
================================================================================
DAG File Processing Stats

File Path                         PID    Runtime      # DAGs    # Errors  Last Runtime    Last Run
--------------------------------  -----  ---------  --------  ----------  --------------  -------------------
/opt/airflow/dags/ETL_Regions.py                           1           0  1.12s           2023-06-18T17:18:06
================================================================================
[2023-06-18 17:18:46,047] {manager.py:809} INFO - 
================================================================================
DAG File Processing Stats

File Path                         PID    Runtime      # DAGs    # Errors  Last Runtime    Last Run
--------------------------------  -----  ---------  --------  ----------  --------------  -------------------
/opt/airflow/dags/ETL_Regions.py                           1           0  1.04s           2023-06-18T17:18:40
================================================================================
[2023-06-18 17:19:16,335] {manager.py:809} INFO - 
================================================================================
DAG File Processing Stats

File Path                         PID    Runtime      # DAGs    # Errors  Last Runtime    Last Run
--------------------------------  -----  ---------  --------  ----------  --------------  -------------------
/opt/airflow/dags/ETL_Regions.py                           1           0  1.78s           2023-06-18T17:19:14
================================================================================
[2023-06-18 17:19:46,760] {manager.py:809} INFO - 
================================================================================
DAG File Processing Stats

File Path                         PID    Runtime      # DAGs    # Errors  Last Runtime    Last Run
--------------------------------  -----  ---------  --------  ----------  --------------  -------------------
/opt/airflow/dags/ETL_Regions.py                           1           0  0.97s           2023-06-18T17:19:36
================================================================================
[2023-06-18 17:20:17,080] {manager.py:809} INFO - 
================================================================================
DAG File Processing Stats

File Path                         PID    Runtime      # DAGs    # Errors  Last Runtime    Last Run
--------------------------------  -----  ---------  --------  ----------  --------------  -------------------
/opt/airflow/dags/ETL_Regions.py                           1           0  1.32s           2023-06-18T17:20:11
================================================================================
[2023-06-18 17:20:47,384] {manager.py:809} INFO - 
================================================================================
DAG File Processing Stats

File Path                         PID    Runtime      # DAGs    # Errors  Last Runtime    Last Run
--------------------------------  -----  ---------  --------  ----------  --------------  -------------------
/opt/airflow/dags/ETL_Regions.py                           1           0  1.03s           2023-06-18T17:20:44
================================================================================
[2023-06-18 17:21:17,481] {manager.py:809} INFO - 
================================================================================
DAG File Processing Stats

File Path                           PID  Runtime      # DAGs    # Errors  Last Runtime    Last Run
--------------------------------  -----  ---------  --------  ----------  --------------  -------------------
/opt/airflow/dags/ETL_Regions.py   1376  1.01s             1           0  1.06s           2023-06-18T17:21:06
================================================================================
[2023-06-18 17:21:48,053] {manager.py:809} INFO - 
================================================================================
DAG File Processing Stats

File Path                         PID    Runtime      # DAGs    # Errors  Last Runtime    Last Run
--------------------------------  -----  ---------  --------  ----------  --------------  -------------------
/opt/airflow/dags/ETL_Regions.py                           1           0  1.16s           2023-06-18T17:21:40
================================================================================
[2023-06-18 17:22:18,603] {manager.py:809} INFO - 
================================================================================
DAG File Processing Stats

File Path                         PID    Runtime      # DAGs    # Errors  Last Runtime    Last Run
--------------------------------  -----  ---------  --------  ----------  --------------  -------------------
/opt/airflow/dags/ETL_Regions.py                           1           0  1.05s           2023-06-18T17:22:13
================================================================================
[2023-06-18 17:22:26,947] {manager.py:690} INFO - Searching for files in /opt/airflow/dags
[2023-06-18 17:22:27,012] {manager.py:693} INFO - There are 1 files in /opt/airflow/dags
[2023-06-18 17:22:48,805] {manager.py:809} INFO - 
================================================================================
DAG File Processing Stats

File Path                         PID    Runtime      # DAGs    # Errors  Last Runtime    Last Run
--------------------------------  -----  ---------  --------  ----------  --------------  -------------------
/opt/airflow/dags/ETL_Regions.py                           1           0  1.25s           2023-06-18T17:22:47
================================================================================
[2023-06-18 17:23:19,071] {manager.py:809} INFO - 
================================================================================
DAG File Processing Stats

File Path                         PID    Runtime      # DAGs    # Errors  Last Runtime    Last Run
--------------------------------  -----  ---------  --------  ----------  --------------  -------------------
/opt/airflow/dags/ETL_Regions.py                           1           0  1.25s           2023-06-18T17:23:10
================================================================================
[2023-06-18 17:23:49,116] {manager.py:809} INFO - 
================================================================================
DAG File Processing Stats

File Path                         PID    Runtime      # DAGs    # Errors  Last Runtime    Last Run
--------------------------------  -----  ---------  --------  ----------  --------------  -------------------
/opt/airflow/dags/ETL_Regions.py                           1           0  1.06s           2023-06-18T17:23:44
================================================================================
[2023-06-18 17:24:19,417] {manager.py:809} INFO - 
================================================================================
DAG File Processing Stats

File Path                         PID    Runtime      # DAGs    # Errors  Last Runtime    Last Run
--------------------------------  -----  ---------  --------  ----------  --------------  -------------------
/opt/airflow/dags/ETL_Regions.py                           1           0  1.02s           2023-06-18T17:24:17
================================================================================
[2023-06-18 17:24:49,745] {manager.py:809} INFO - 
================================================================================
DAG File Processing Stats

File Path                           PID  Runtime      # DAGs    # Errors  Last Runtime    Last Run
--------------------------------  -----  ---------  --------  ----------  --------------  -------------------
/opt/airflow/dags/ETL_Regions.py   1490  0.01s             1           0  1.10s           2023-06-18T17:24:39
================================================================================
[2023-06-18 17:25:20,329] {manager.py:809} INFO - 
================================================================================
DAG File Processing Stats

File Path                         PID    Runtime      # DAGs    # Errors  Last Runtime    Last Run
--------------------------------  -----  ---------  --------  ----------  --------------  -------------------
/opt/airflow/dags/ETL_Regions.py                           1           0  1.15s           2023-06-18T17:25:13
================================================================================
[2023-06-18 17:25:50,390] {manager.py:809} INFO - 
================================================================================
DAG File Processing Stats

File Path                         PID    Runtime      # DAGs    # Errors  Last Runtime    Last Run
--------------------------------  -----  ---------  --------  ----------  --------------  -------------------
/opt/airflow/dags/ETL_Regions.py                           1           0  1.32s           2023-06-18T17:25:47
================================================================================
[2023-06-18 17:26:20,730] {manager.py:809} INFO - 
================================================================================
DAG File Processing Stats

File Path                           PID  Runtime      # DAGs    # Errors  Last Runtime    Last Run
--------------------------------  -----  ---------  --------  ----------  --------------  -------------------
/opt/airflow/dags/ETL_Regions.py   1538  0.93s             1           0  1.10s           2023-06-18T17:26:09
================================================================================
[2023-06-18 17:26:51,005] {manager.py:809} INFO - 
================================================================================
DAG File Processing Stats

File Path                         PID    Runtime      # DAGs    # Errors  Last Runtime    Last Run
--------------------------------  -----  ---------  --------  ----------  --------------  -------------------
/opt/airflow/dags/ETL_Regions.py                           1           0  1.54s           2023-06-18T17:26:43
================================================================================
[2023-06-18 17:27:21,023] {manager.py:809} INFO - 
================================================================================
DAG File Processing Stats

File Path                         PID    Runtime      # DAGs    # Errors  Last Runtime    Last Run
--------------------------------  -----  ---------  --------  ----------  --------------  -------------------
/opt/airflow/dags/ETL_Regions.py                           1           0  1.51s           2023-06-18T17:27:19
================================================================================
[2023-06-18 17:27:27,055] {manager.py:690} INFO - Searching for files in /opt/airflow/dags
[2023-06-18 17:27:27,162] {manager.py:693} INFO - There are 1 files in /opt/airflow/dags
[2023-06-18 17:27:51,493] {manager.py:809} INFO - 
================================================================================
DAG File Processing Stats

File Path                         PID    Runtime      # DAGs    # Errors  Last Runtime    Last Run
--------------------------------  -----  ---------  --------  ----------  --------------  -------------------
/opt/airflow/dags/ETL_Regions.py                           1           0  1.22s           2023-06-18T17:27:42
================================================================================
[2023-06-18 17:28:22,157] {manager.py:809} INFO - 
================================================================================
DAG File Processing Stats

File Path                         PID    Runtime      # DAGs    # Errors  Last Runtime    Last Run
--------------------------------  -----  ---------  --------  ----------  --------------  -------------------
/opt/airflow/dags/ETL_Regions.py                           1           0  1.29s           2023-06-18T17:28:16
================================================================================
[2023-06-18 17:28:52,239] {manager.py:809} INFO - 
================================================================================
DAG File Processing Stats

File Path                         PID    Runtime      # DAGs    # Errors  Last Runtime    Last Run
--------------------------------  -----  ---------  --------  ----------  --------------  -------------------
/opt/airflow/dags/ETL_Regions.py                           1           0  1.22s           2023-06-18T17:28:50
================================================================================
[2023-06-18 17:29:22,565] {manager.py:809} INFO - 
================================================================================
DAG File Processing Stats

File Path                         PID    Runtime      # DAGs    # Errors  Last Runtime    Last Run
--------------------------------  -----  ---------  --------  ----------  --------------  -------------------
/opt/airflow/dags/ETL_Regions.py                           1           0  1.13s           2023-06-18T17:29:12
================================================================================
[2023-06-18 17:29:53,116] {manager.py:809} INFO - 
================================================================================
DAG File Processing Stats

File Path                         PID    Runtime      # DAGs    # Errors  Last Runtime    Last Run
--------------------------------  -----  ---------  --------  ----------  --------------  -------------------
/opt/airflow/dags/ETL_Regions.py                           1           0  1.20s           2023-06-18T17:29:46
================================================================================
[2023-06-18 17:30:23,154] {manager.py:809} INFO - 
================================================================================
DAG File Processing Stats

File Path                         PID    Runtime      # DAGs    # Errors  Last Runtime    Last Run
--------------------------------  -----  ---------  --------  ----------  --------------  -------------------
/opt/airflow/dags/ETL_Regions.py                           1           0  1.57s           2023-06-18T17:30:20
================================================================================
[2023-06-18 17:30:53,404] {manager.py:809} INFO - 
================================================================================
DAG File Processing Stats

File Path                           PID  Runtime      # DAGs    # Errors  Last Runtime    Last Run
--------------------------------  -----  ---------  --------  ----------  --------------  -------------------
/opt/airflow/dags/ETL_Regions.py   1682  0.90s             1           0  1.11s           2023-06-18T17:30:42
================================================================================
[2023-06-18 17:31:23,430] {manager.py:809} INFO - 
================================================================================
DAG File Processing Stats

File Path                         PID    Runtime      # DAGs    # Errors  Last Runtime    Last Run
--------------------------------  -----  ---------  --------  ----------  --------------  -------------------
/opt/airflow/dags/ETL_Regions.py                           1           0  1.15s           2023-06-18T17:31:16
================================================================================
[2023-06-18 17:31:53,916] {manager.py:809} INFO - 
================================================================================
DAG File Processing Stats

File Path                         PID    Runtime      # DAGs    # Errors  Last Runtime    Last Run
--------------------------------  -----  ---------  --------  ----------  --------------  -------------------
/opt/airflow/dags/ETL_Regions.py                           1           0  1.13s           2023-06-18T17:31:50
================================================================================
[2023-06-18 17:32:24,360] {manager.py:809} INFO - 
================================================================================
DAG File Processing Stats

File Path                         PID    Runtime      # DAGs    # Errors  Last Runtime    Last Run
--------------------------------  -----  ---------  --------  ----------  --------------  -------------------
/opt/airflow/dags/ETL_Regions.py                           1           0  1.19s           2023-06-18T17:32:23
================================================================================
[2023-06-18 17:32:27,418] {manager.py:690} INFO - Searching for files in /opt/airflow/dags
[2023-06-18 17:32:27,489] {manager.py:693} INFO - There are 1 files in /opt/airflow/dags
[2023-06-18 17:32:54,921] {manager.py:809} INFO - 
================================================================================
DAG File Processing Stats

File Path                         PID    Runtime      # DAGs    # Errors  Last Runtime    Last Run
--------------------------------  -----  ---------  --------  ----------  --------------  -------------------
/opt/airflow/dags/ETL_Regions.py                           1           0  1.25s           2023-06-18T17:32:46
================================================================================
[2023-06-18 17:33:24,962] {manager.py:809} INFO - 
================================================================================
DAG File Processing Stats

File Path                         PID    Runtime      # DAGs    # Errors  Last Runtime    Last Run
--------------------------------  -----  ---------  --------  ----------  --------------  -------------------
/opt/airflow/dags/ETL_Regions.py                           1           0  1.11s           2023-06-18T17:33:20
================================================================================
[2023-06-18 17:33:55,674] {manager.py:809} INFO - 
================================================================================
DAG File Processing Stats

File Path                         PID    Runtime      # DAGs    # Errors  Last Runtime    Last Run
--------------------------------  -----  ---------  --------  ----------  --------------  -------------------
/opt/airflow/dags/ETL_Regions.py                           1           0  1.12s           2023-06-18T17:33:53
================================================================================
[2023-06-18 17:34:26,037] {manager.py:809} INFO - 
================================================================================
DAG File Processing Stats

File Path                         PID    Runtime      # DAGs    # Errors  Last Runtime    Last Run
--------------------------------  -----  ---------  --------  ----------  --------------  -------------------
/opt/airflow/dags/ETL_Regions.py                           1           0  1.26s           2023-06-18T17:34:16
================================================================================
[2023-06-18 17:34:56,833] {manager.py:809} INFO - 
================================================================================
DAG File Processing Stats

File Path                         PID    Runtime      # DAGs    # Errors  Last Runtime    Last Run
--------------------------------  -----  ---------  --------  ----------  --------------  -------------------
/opt/airflow/dags/ETL_Regions.py                           1           0  1.12s           2023-06-18T17:34:49
================================================================================
[2023-06-18 17:35:27,574] {manager.py:809} INFO - 
================================================================================
DAG File Processing Stats

File Path                         PID    Runtime      # DAGs    # Errors  Last Runtime    Last Run
--------------------------------  -----  ---------  --------  ----------  --------------  -------------------
/opt/airflow/dags/ETL_Regions.py                           1           0  1.12s           2023-06-18T17:35:23
================================================================================
[2023-06-18 17:35:58,233] {manager.py:809} INFO - 
================================================================================
DAG File Processing Stats

File Path                         PID    Runtime      # DAGs    # Errors  Last Runtime    Last Run
--------------------------------  -----  ---------  --------  ----------  --------------  -------------------
/opt/airflow/dags/ETL_Regions.py                           1           0  1.20s           2023-06-18T17:35:57
================================================================================
[2023-06-18 17:36:28,964] {manager.py:809} INFO - 
================================================================================
DAG File Processing Stats

File Path                         PID    Runtime      # DAGs    # Errors  Last Runtime    Last Run
--------------------------------  -----  ---------  --------  ----------  --------------  -------------------
/opt/airflow/dags/ETL_Regions.py                           1           0  1.24s           2023-06-18T17:36:20
================================================================================
[2023-06-18 17:36:58,997] {manager.py:809} INFO - 
================================================================================
DAG File Processing Stats

File Path                         PID    Runtime      # DAGs    # Errors  Last Runtime    Last Run
--------------------------------  -----  ---------  --------  ----------  --------------  -------------------
/opt/airflow/dags/ETL_Regions.py                           1           0  1.19s           2023-06-18T17:36:53
================================================================================
[2023-06-18 17:37:27,545] {manager.py:690} INFO - Searching for files in /opt/airflow/dags
[2023-06-18 17:37:27,625] {manager.py:693} INFO - There are 1 files in /opt/airflow/dags
[2023-06-18 17:37:29,667] {manager.py:809} INFO - 
================================================================================
DAG File Processing Stats

File Path                         PID    Runtime      # DAGs    # Errors  Last Runtime    Last Run
--------------------------------  -----  ---------  --------  ----------  --------------  -------------------
/opt/airflow/dags/ETL_Regions.py                           1           0  1.16s           2023-06-18T17:37:27
================================================================================
[2023-06-18 17:38:00,036] {manager.py:809} INFO - 
================================================================================
DAG File Processing Stats

File Path                         PID    Runtime      # DAGs    # Errors  Last Runtime    Last Run
--------------------------------  -----  ---------  --------  ----------  --------------  -------------------
/opt/airflow/dags/ETL_Regions.py                           1           0  1.07s           2023-06-18T17:37:50
================================================================================
[2023-06-18 17:38:30,935] {manager.py:809} INFO - 
================================================================================
DAG File Processing Stats

File Path                         PID    Runtime      # DAGs    # Errors  Last Runtime    Last Run
--------------------------------  -----  ---------  --------  ----------  --------------  -------------------
/opt/airflow/dags/ETL_Regions.py                           1           0  1.11s           2023-06-18T17:38:23
================================================================================
[2023-06-18 17:39:01,668] {manager.py:809} INFO - 
================================================================================
DAG File Processing Stats

File Path                         PID    Runtime      # DAGs    # Errors  Last Runtime    Last Run
--------------------------------  -----  ---------  --------  ----------  --------------  -------------------
/opt/airflow/dags/ETL_Regions.py                           1           0  1.13s           2023-06-18T17:38:57
================================================================================
[2023-06-18 17:39:32,359] {manager.py:809} INFO - 
================================================================================
DAG File Processing Stats

File Path                         PID    Runtime      # DAGs    # Errors  Last Runtime    Last Run
--------------------------------  -----  ---------  --------  ----------  --------------  -------------------
/opt/airflow/dags/ETL_Regions.py                           1           0  1.12s           2023-06-18T17:39:31
================================================================================
[2023-06-18 17:40:02,764] {manager.py:809} INFO - 
================================================================================
DAG File Processing Stats

File Path                         PID    Runtime      # DAGs    # Errors  Last Runtime    Last Run
--------------------------------  -----  ---------  --------  ----------  --------------  -------------------
/opt/airflow/dags/ETL_Regions.py                           1           0  1.17s           2023-06-18T17:39:53
================================================================================
[2023-06-18 17:40:33,540] {manager.py:809} INFO - 
================================================================================
DAG File Processing Stats

File Path                         PID    Runtime      # DAGs    # Errors  Last Runtime    Last Run
--------------------------------  -----  ---------  --------  ----------  --------------  -------------------
/opt/airflow/dags/ETL_Regions.py                           1           0  1.24s           2023-06-18T17:40:27
================================================================================
[2023-06-18 17:41:04,086] {manager.py:809} INFO - 
================================================================================
DAG File Processing Stats

File Path                         PID    Runtime      # DAGs    # Errors  Last Runtime    Last Run
--------------------------------  -----  ---------  --------  ----------  --------------  -------------------
/opt/airflow/dags/ETL_Regions.py                           1           0  1.09s           2023-06-18T17:41:01
================================================================================
[2023-06-18 17:41:34,662] {manager.py:809} INFO - 
================================================================================
DAG File Processing Stats

File Path                           PID  Runtime      # DAGs    # Errors  Last Runtime    Last Run
--------------------------------  -----  ---------  --------  ----------  --------------  -------------------
/opt/airflow/dags/ETL_Regions.py   2024  1.01s             1           0  1.04s           2023-06-18T17:41:23
================================================================================
[2023-06-18 17:42:04,723] {manager.py:809} INFO - 
================================================================================
DAG File Processing Stats

File Path                         PID    Runtime      # DAGs    # Errors  Last Runtime    Last Run
--------------------------------  -----  ---------  --------  ----------  --------------  -------------------
/opt/airflow/dags/ETL_Regions.py                           1           0  1.56s           2023-06-18T17:41:57
================================================================================
[2023-06-18 17:42:28,201] {manager.py:690} INFO - Searching for files in /opt/airflow/dags
[2023-06-18 17:42:28,288] {manager.py:693} INFO - There are 1 files in /opt/airflow/dags
[2023-06-18 17:42:35,367] {manager.py:809} INFO - 
================================================================================
DAG File Processing Stats

File Path                         PID    Runtime      # DAGs    # Errors  Last Runtime    Last Run
--------------------------------  -----  ---------  --------  ----------  --------------  -------------------
/opt/airflow/dags/ETL_Regions.py                           1           0  0.88s           2023-06-18T17:42:32
================================================================================
[2023-06-18 17:43:05,800] {manager.py:809} INFO - 
================================================================================
DAG File Processing Stats

File Path                           PID  Runtime      # DAGs    # Errors  Last Runtime    Last Run
--------------------------------  -----  ---------  --------  ----------  --------------  -------------------
/opt/airflow/dags/ETL_Regions.py   2072  1.02s             1           0  1.20s           2023-06-18T17:42:54
================================================================================
[2023-06-18 17:43:35,963] {manager.py:809} INFO - 
================================================================================
DAG File Processing Stats

File Path                         PID    Runtime      # DAGs    # Errors  Last Runtime    Last Run
--------------------------------  -----  ---------  --------  ----------  --------------  -------------------
/opt/airflow/dags/ETL_Regions.py                           1           0  1.05s           2023-06-18T17:43:28
================================================================================
[2023-06-18 17:44:06,206] {manager.py:809} INFO - 
================================================================================
DAG File Processing Stats

File Path                         PID    Runtime      # DAGs    # Errors  Last Runtime    Last Run
--------------------------------  -----  ---------  --------  ----------  --------------  -------------------
/opt/airflow/dags/ETL_Regions.py                           1           0  0.93s           2023-06-18T17:44:02
================================================================================
[2023-06-18 17:44:36,252] {manager.py:809} INFO - 
================================================================================
DAG File Processing Stats

File Path                         PID    Runtime      # DAGs    # Errors  Last Runtime    Last Run
--------------------------------  -----  ---------  --------  ----------  --------------  -------------------
/opt/airflow/dags/ETL_Regions.py                           1           0  1.02s           2023-06-18T17:44:35
================================================================================
[2023-06-18 17:45:06,468] {manager.py:809} INFO - 
================================================================================
DAG File Processing Stats

File Path                         PID    Runtime      # DAGs    # Errors  Last Runtime    Last Run
--------------------------------  -----  ---------  --------  ----------  --------------  -------------------
/opt/airflow/dags/ETL_Regions.py                           1           0  0.91s           2023-06-18T17:44:57
================================================================================
[2023-06-18 17:45:37,045] {manager.py:809} INFO - 
================================================================================
DAG File Processing Stats

File Path                         PID    Runtime      # DAGs    # Errors  Last Runtime    Last Run
--------------------------------  -----  ---------  --------  ----------  --------------  -------------------
/opt/airflow/dags/ETL_Regions.py                           1           0  1.00s           2023-06-18T17:45:33
================================================================================
[2023-06-18 17:46:07,449] {manager.py:809} INFO - 
================================================================================
DAG File Processing Stats

File Path                         PID    Runtime      # DAGs    # Errors  Last Runtime    Last Run
--------------------------------  -----  ---------  --------  ----------  --------------  -------------------
/opt/airflow/dags/ETL_Regions.py                           1           0  0.92s           2023-06-18T17:46:06
================================================================================
[2023-06-18 17:46:37,641] {manager.py:809} INFO - 
================================================================================
DAG File Processing Stats

File Path                         PID    Runtime      # DAGs    # Errors  Last Runtime    Last Run
--------------------------------  -----  ---------  --------  ----------  --------------  -------------------
/opt/airflow/dags/ETL_Regions.py                           1           0  0.91s           2023-06-18T17:46:28
================================================================================
[2023-06-18 17:47:07,841] {manager.py:809} INFO - 
================================================================================
DAG File Processing Stats

File Path                         PID    Runtime      # DAGs    # Errors  Last Runtime    Last Run
--------------------------------  -----  ---------  --------  ----------  --------------  -------------------
/opt/airflow/dags/ETL_Regions.py                           1           0  1.47s           2023-06-18T17:47:02
================================================================================
[2023-06-18 17:47:28,954] {manager.py:690} INFO - Searching for files in /opt/airflow/dags
[2023-06-18 17:47:29,022] {manager.py:693} INFO - There are 1 files in /opt/airflow/dags
[2023-06-18 17:47:38,097] {manager.py:809} INFO - 
================================================================================
DAG File Processing Stats

File Path                         PID    Runtime      # DAGs    # Errors  Last Runtime    Last Run
--------------------------------  -----  ---------  --------  ----------  --------------  -------------------
/opt/airflow/dags/ETL_Regions.py                           1           0  0.89s           2023-06-18T17:47:35
================================================================================
[2023-06-18 17:48:08,272] {manager.py:809} INFO - 
================================================================================
DAG File Processing Stats

File Path                           PID  Runtime      # DAGs    # Errors  Last Runtime    Last Run
--------------------------------  -----  ---------  --------  ----------  --------------  -------------------
/opt/airflow/dags/ETL_Regions.py   2246  1.03s             1           0  0.94s           2023-06-18T17:47:57
================================================================================
[2023-06-18 17:48:38,443] {manager.py:809} INFO - 
================================================================================
DAG File Processing Stats

File Path                         PID    Runtime      # DAGs    # Errors  Last Runtime    Last Run
--------------------------------  -----  ---------  --------  ----------  --------------  -------------------
/opt/airflow/dags/ETL_Regions.py                           1           0  1.12s           2023-06-18T17:48:33
================================================================================
[2023-06-18 17:49:09,010] {manager.py:809} INFO - 
================================================================================
DAG File Processing Stats

File Path                         PID    Runtime      # DAGs    # Errors  Last Runtime    Last Run
--------------------------------  -----  ---------  --------  ----------  --------------  -------------------
/opt/airflow/dags/ETL_Regions.py                           1           0  1.00s           2023-06-18T17:49:06
================================================================================
[2023-06-18 17:49:21,493] {manager.py:462} INFO - Exiting gracefully upon receiving signal 15
[2023-06-18 17:53:26,944] {manager.py:480} INFO - Processing files using up to 2 processes at a time 
[2023-06-18 17:53:26,945] {manager.py:481} INFO - Process each file at most once every 10 seconds
[2023-06-18 17:53:26,946] {manager.py:483} INFO - Checking for new files in /opt/airflow/dags every 300 seconds
[2023-06-18 17:53:26,948] {manager.py:690} INFO - Searching for files in /opt/airflow/dags
[2023-06-18 17:53:27,036] {manager.py:693} INFO - There are 1 files in /opt/airflow/dags
[2023-06-18 17:53:27,161] {manager.py:809} INFO - 
================================================================================
DAG File Processing Stats

File Path                           PID  Runtime      # DAGs    # Errors  Last Runtime    Last Run
--------------------------------  -----  ---------  --------  ----------  --------------  ----------
/opt/airflow/dags/ETL_Regions.py    169  0.04s             0           0
================================================================================
[2023-06-18 17:53:57,370] {manager.py:809} INFO - 
================================================================================
DAG File Processing Stats

File Path                         PID    Runtime      # DAGs    # Errors  Last Runtime    Last Run
--------------------------------  -----  ---------  --------  ----------  --------------  -------------------
/opt/airflow/dags/ETL_Regions.py                           1           0  0.98s           2023-06-18T17:53:52
================================================================================
[2023-06-18 17:54:27,528] {manager.py:511} INFO - DAG Bitcoin_ETL is missing and will be deactivated.
[2023-06-18 17:54:27,537] {manager.py:521} INFO - Deactivated 1 DAGs which are no longer present in file.
[2023-06-18 17:54:27,597] {manager.py:809} INFO - 
================================================================================
DAG File Processing Stats

File Path                         PID    Runtime      # DAGs    # Errors  Last Runtime    Last Run
--------------------------------  -----  ---------  --------  ----------  --------------  -------------------
/opt/airflow/dags/ETL_Regions.py                           1           0  0.98s           2023-06-18T17:54:24
================================================================================
[2023-06-18 17:54:57,880] {manager.py:809} INFO - 
================================================================================
DAG File Processing Stats

File Path                           PID  Runtime      # DAGs    # Errors  Last Runtime    Last Run
--------------------------------  -----  ---------  --------  ----------  --------------  -------------------
/opt/airflow/dags/ETL_Regions.py    217  0.78s             1           0  0.95s           2023-06-18T17:54:46
================================================================================
[2023-06-18 17:55:28,054] {manager.py:809} INFO - 
================================================================================
DAG File Processing Stats

File Path                         PID    Runtime      # DAGs    # Errors  Last Runtime    Last Run
--------------------------------  -----  ---------  --------  ----------  --------------  -------------------
/opt/airflow/dags/ETL_Regions.py                           1           0  2.21s           2023-06-18T17:55:27
================================================================================
[2023-06-18 17:55:58,244] {manager.py:809} INFO - 
================================================================================
DAG File Processing Stats

File Path                         PID    Runtime      # DAGs    # Errors  Last Runtime    Last Run
--------------------------------  -----  ---------  --------  ----------  --------------  -------------------
/opt/airflow/dags/ETL_Regions.py                           1           0  1.36s           2023-06-18T17:55:50
================================================================================
[2023-06-18 17:56:29,180] {manager.py:809} INFO - 
================================================================================
DAG File Processing Stats

File Path                         PID    Runtime      # DAGs    # Errors  Last Runtime    Last Run
--------------------------------  -----  ---------  --------  ----------  --------------  -------------------
/opt/airflow/dags/ETL_Regions.py                           1           0  1.01s           2023-06-18T17:56:24
================================================================================
[2023-06-18 17:56:59,294] {manager.py:809} INFO - 
================================================================================
DAG File Processing Stats

File Path                         PID    Runtime      # DAGs    # Errors  Last Runtime    Last Run
--------------------------------  -----  ---------  --------  ----------  --------------  -------------------
/opt/airflow/dags/ETL_Regions.py                           1           0  0.91s           2023-06-18T17:56:58
================================================================================
[2023-06-18 17:57:29,343] {manager.py:809} INFO - 
================================================================================
DAG File Processing Stats

File Path                         PID    Runtime      # DAGs    # Errors  Last Runtime    Last Run
--------------------------------  -----  ---------  --------  ----------  --------------  -------------------
/opt/airflow/dags/ETL_Regions.py                           1           0  0.90s           2023-06-18T17:57:20
================================================================================
[2023-06-18 17:57:59,653] {manager.py:809} INFO - 
================================================================================
DAG File Processing Stats

File Path                         PID    Runtime      # DAGs    # Errors  Last Runtime    Last Run
--------------------------------  -----  ---------  --------  ----------  --------------  -------------------
/opt/airflow/dags/ETL_Regions.py                           1           0  1.05s           2023-06-18T17:57:54
================================================================================
[2023-06-18 17:58:27,237] {manager.py:690} INFO - Searching for files in /opt/airflow/dags
[2023-06-18 17:58:27,661] {manager.py:693} INFO - There are 1 files in /opt/airflow/dags
[2023-06-18 17:58:29,690] {manager.py:809} INFO - 
================================================================================
DAG File Processing Stats

File Path                         PID    Runtime      # DAGs    # Errors  Last Runtime    Last Run
--------------------------------  -----  ---------  --------  ----------  --------------  -------------------
/opt/airflow/dags/ETL_Regions.py                           1           0  0.97s           2023-06-18T17:58:28
================================================================================
[2023-06-18 17:59:00,139] {manager.py:809} INFO - 
================================================================================
DAG File Processing Stats

File Path                         PID    Runtime      # DAGs    # Errors  Last Runtime    Last Run
--------------------------------  -----  ---------  --------  ----------  --------------  -------------------
/opt/airflow/dags/ETL_Regions.py                           1           0  1.00s           2023-06-18T17:58:50
================================================================================
[2023-06-18 17:59:30,322] {manager.py:809} INFO - 
================================================================================
DAG File Processing Stats

File Path                         PID    Runtime      # DAGs    # Errors  Last Runtime    Last Run
--------------------------------  -----  ---------  --------  ----------  --------------  -------------------
/opt/airflow/dags/ETL_Regions.py                           1           0  1.01s           2023-06-18T17:59:24
================================================================================
[2023-06-18 18:00:00,621] {manager.py:809} INFO - 
================================================================================
DAG File Processing Stats

File Path                         PID    Runtime      # DAGs    # Errors  Last Runtime    Last Run
--------------------------------  -----  ---------  --------  ----------  --------------  -------------------
/opt/airflow/dags/ETL_Regions.py                           1           0  1.16s           2023-06-18T17:59:57
================================================================================
[2023-06-18 18:00:30,807] {manager.py:809} INFO - 
================================================================================
DAG File Processing Stats

File Path                           PID  Runtime      # DAGs    # Errors  Last Runtime    Last Run
--------------------------------  -----  ---------  --------  ----------  --------------  -------------------
/opt/airflow/dags/ETL_Regions.py    415  1.01s             1           0  0.90s           2023-06-18T18:00:19
================================================================================
[2023-06-18 18:01:00,823] {manager.py:809} INFO - 
================================================================================
DAG File Processing Stats

File Path                         PID    Runtime      # DAGs    # Errors  Last Runtime    Last Run
--------------------------------  -----  ---------  --------  ----------  --------------  -------------------
/opt/airflow/dags/ETL_Regions.py                           1           0  1.06s           2023-06-18T18:00:54
================================================================================
[2023-06-18 18:01:30,972] {manager.py:809} INFO - 
================================================================================
DAG File Processing Stats

File Path                         PID    Runtime      # DAGs    # Errors  Last Runtime    Last Run
--------------------------------  -----  ---------  --------  ----------  --------------  -------------------
/opt/airflow/dags/ETL_Regions.py                           1           0  1.09s           2023-06-18T18:01:28
================================================================================
[2023-06-18 18:02:01,361] {manager.py:809} INFO - 
================================================================================
DAG File Processing Stats

File Path                           PID  Runtime      # DAGs    # Errors  Last Runtime    Last Run
--------------------------------  -----  ---------  --------  ----------  --------------  -------------------
/opt/airflow/dags/ETL_Regions.py    463  1.02s             1           0  1.08s           2023-06-18T18:01:50
================================================================================
[2023-06-18 18:02:31,543] {manager.py:809} INFO - 
================================================================================
DAG File Processing Stats

File Path                         PID    Runtime      # DAGs    # Errors  Last Runtime    Last Run
--------------------------------  -----  ---------  --------  ----------  --------------  -------------------
/opt/airflow/dags/ETL_Regions.py                           1           0  1.04s           2023-06-18T18:02:23
================================================================================
[2023-06-18 18:03:02,051] {manager.py:809} INFO - 
================================================================================
DAG File Processing Stats

File Path                         PID    Runtime      # DAGs    # Errors  Last Runtime    Last Run
--------------------------------  -----  ---------  --------  ----------  --------------  -------------------
/opt/airflow/dags/ETL_Regions.py                           1           0  1.50s           2023-06-18T18:02:58
================================================================================
[2023-06-18 18:03:27,418] {manager.py:690} INFO - Searching for files in /opt/airflow/dags
[2023-06-18 18:03:27,493] {manager.py:693} INFO - There are 1 files in /opt/airflow/dags
[2023-06-18 18:03:32,512] {manager.py:809} INFO - 
================================================================================
DAG File Processing Stats

File Path                         PID    Runtime      # DAGs    # Errors  Last Runtime    Last Run
--------------------------------  -----  ---------  --------  ----------  --------------  -------------------
/opt/airflow/dags/ETL_Regions.py                           1           0  0.95s           2023-06-18T18:03:31
================================================================================
[2023-06-18 18:04:02,728] {manager.py:809} INFO - 
================================================================================
DAG File Processing Stats

File Path                         PID    Runtime      # DAGs    # Errors  Last Runtime    Last Run
--------------------------------  -----  ---------  --------  ----------  --------------  -------------------
/opt/airflow/dags/ETL_Regions.py                           1           0  0.90s           2023-06-18T18:03:53
================================================================================
[2023-06-18 18:04:33,114] {manager.py:809} INFO - 
================================================================================
DAG File Processing Stats

File Path                         PID    Runtime      # DAGs    # Errors  Last Runtime    Last Run
--------------------------------  -----  ---------  --------  ----------  --------------  -------------------
/opt/airflow/dags/ETL_Regions.py                           1           0  1.02s           2023-06-18T18:04:27
================================================================================
[2023-06-18 18:04:44,490] {manager.py:462} INFO - Exiting gracefully upon receiving signal 15
