[2023-06-18 17:55:21,830] {taskinstance.py:1179} INFO - Dependencies all met for <TaskInstance: Regions_ETL.transformar_data scheduled__2023-06-17T00:00:00+00:00 [queued]>
[2023-06-18 17:55:21,852] {taskinstance.py:1179} INFO - Dependencies all met for <TaskInstance: Regions_ETL.transformar_data scheduled__2023-06-17T00:00:00+00:00 [queued]>
[2023-06-18 17:55:21,853] {taskinstance.py:1376} INFO - 
--------------------------------------------------------------------------------
[2023-06-18 17:55:21,857] {taskinstance.py:1377} INFO - Starting attempt 1 of 6
[2023-06-18 17:55:21,858] {taskinstance.py:1378} INFO - 
--------------------------------------------------------------------------------
[2023-06-18 17:55:21,891] {taskinstance.py:1397} INFO - Executing <Task(PythonOperator): transformar_data> on 2023-06-17 00:00:00+00:00
[2023-06-18 17:55:21,914] {standard_task_runner.py:52} INFO - Started process 239 to run task
[2023-06-18 17:55:21,933] {standard_task_runner.py:79} INFO - Running: ['***', 'tasks', 'run', 'Regions_ETL', 'transformar_data', 'scheduled__2023-06-17T00:00:00+00:00', '--job-id', '9', '--raw', '--subdir', 'DAGS_FOLDER/ETL_Regions.py', '--cfg-path', '/tmp/tmpqhyk4fik', '--error-file', '/tmp/tmp2sj6zqs2']
[2023-06-18 17:55:21,955] {standard_task_runner.py:80} INFO - Job 9: Subtask transformar_data
[2023-06-18 17:55:22,098] {task_command.py:371} INFO - Running <TaskInstance: Regions_ETL.transformar_data scheduled__2023-06-17T00:00:00+00:00 [running]> on host 3f545ced9117
[2023-06-18 17:55:22,206] {logging_mixin.py:115} WARNING - /home/***/.local/lib/python3.7/site-packages/***/utils/context.py:202 AirflowContextDeprecationWarning: Accessing 'execution_date' from the template is deprecated and will be removed in a future version. Please use 'data_interval_start' or 'logical_date' instead.
[2023-06-18 17:55:22,315] {taskinstance.py:1591} INFO - Exporting the following env vars:
AIRFLOW_CTX_DAG_OWNER=gastonrios32
AIRFLOW_CTX_DAG_ID=Regions_ETL
AIRFLOW_CTX_TASK_ID=transformar_data
AIRFLOW_CTX_EXECUTION_DATE=2023-06-17T00:00:00+00:00
AIRFLOW_CTX_TRY_NUMBER=1
AIRFLOW_CTX_DAG_RUN_ID=scheduled__2023-06-17T00:00:00+00:00
[2023-06-18 17:55:22,320] {logging_mixin.py:115} INFO - Transformando la data para la fecha: 2023-06-17 0
[2023-06-18 17:55:22,675] {python.py:173} INFO - Done. Returned value was: None
[2023-06-18 17:55:22,724] {taskinstance.py:1420} INFO - Marking task as SUCCESS. dag_id=Regions_ETL, task_id=transformar_data, execution_date=20230617T000000, start_date=20230618T175521, end_date=20230618T175522
[2023-06-18 17:55:22,802] {local_task_job.py:156} INFO - Task exited with return code 0
[2023-06-18 17:55:22,919] {local_task_job.py:273} INFO - 1 downstream tasks scheduled from follow-on schedule check
