[2023-06-18 17:55:21,831] {taskinstance.py:1179} INFO - Dependencies all met for <TaskInstance: Regions_ETL.transformar_data manual__2023-06-18T17:55:08.409541+00:00 [queued]>
[2023-06-18 17:55:21,852] {taskinstance.py:1179} INFO - Dependencies all met for <TaskInstance: Regions_ETL.transformar_data manual__2023-06-18T17:55:08.409541+00:00 [queued]>
[2023-06-18 17:55:21,853] {taskinstance.py:1376} INFO - 
--------------------------------------------------------------------------------
[2023-06-18 17:55:21,857] {taskinstance.py:1377} INFO - Starting attempt 1 of 6
[2023-06-18 17:55:21,859] {taskinstance.py:1378} INFO - 
--------------------------------------------------------------------------------
[2023-06-18 17:55:21,908] {taskinstance.py:1397} INFO - Executing <Task(PythonOperator): transformar_data> on 2023-06-18 17:55:08.409541+00:00
[2023-06-18 17:55:21,915] {standard_task_runner.py:52} INFO - Started process 240 to run task
[2023-06-18 17:55:21,923] {standard_task_runner.py:79} INFO - Running: ['***', 'tasks', 'run', 'Regions_ETL', 'transformar_data', 'manual__2023-06-18T17:55:08.409541+00:00', '--job-id', '10', '--raw', '--subdir', 'DAGS_FOLDER/ETL_Regions.py', '--cfg-path', '/tmp/tmp632ckk78', '--error-file', '/tmp/tmpo_v06zv9']
[2023-06-18 17:55:21,939] {standard_task_runner.py:80} INFO - Job 10: Subtask transformar_data
[2023-06-18 17:55:22,108] {task_command.py:371} INFO - Running <TaskInstance: Regions_ETL.transformar_data manual__2023-06-18T17:55:08.409541+00:00 [running]> on host 3f545ced9117
[2023-06-18 17:55:22,207] {logging_mixin.py:115} WARNING - /home/***/.local/lib/python3.7/site-packages/***/utils/context.py:202 AirflowContextDeprecationWarning: Accessing 'execution_date' from the template is deprecated and will be removed in a future version. Please use 'data_interval_start' or 'logical_date' instead.
[2023-06-18 17:55:22,347] {taskinstance.py:1591} INFO - Exporting the following env vars:
AIRFLOW_CTX_DAG_OWNER=gastonrios32
AIRFLOW_CTX_DAG_ID=Regions_ETL
AIRFLOW_CTX_TASK_ID=transformar_data
AIRFLOW_CTX_EXECUTION_DATE=2023-06-18T17:55:08.409541+00:00
AIRFLOW_CTX_TRY_NUMBER=1
AIRFLOW_CTX_DAG_RUN_ID=manual__2023-06-18T17:55:08.409541+00:00
[2023-06-18 17:55:22,350] {logging_mixin.py:115} INFO - Transformando la data para la fecha: 2023-06-18 17
[2023-06-18 17:55:22,674] {python.py:173} INFO - Done. Returned value was: None
[2023-06-18 17:55:22,721] {taskinstance.py:1420} INFO - Marking task as SUCCESS. dag_id=Regions_ETL, task_id=transformar_data, execution_date=20230618T175508, start_date=20230618T175521, end_date=20230618T175522
[2023-06-18 17:55:22,781] {local_task_job.py:156} INFO - Task exited with return code 0
[2023-06-18 17:55:22,893] {local_task_job.py:273} INFO - 1 downstream tasks scheduled from follow-on schedule check
