[2023-06-18 17:55:15,516] {taskinstance.py:1179} INFO - Dependencies all met for <TaskInstance: Regions_ETL.extraer_data manual__2023-06-18T17:55:08.409541+00:00 [queued]>
[2023-06-18 17:55:15,539] {taskinstance.py:1179} INFO - Dependencies all met for <TaskInstance: Regions_ETL.extraer_data manual__2023-06-18T17:55:08.409541+00:00 [queued]>
[2023-06-18 17:55:15,541] {taskinstance.py:1376} INFO - 
--------------------------------------------------------------------------------
[2023-06-18 17:55:15,548] {taskinstance.py:1377} INFO - Starting attempt 1 of 6
[2023-06-18 17:55:15,549] {taskinstance.py:1378} INFO - 
--------------------------------------------------------------------------------
[2023-06-18 17:55:15,584] {taskinstance.py:1397} INFO - Executing <Task(PythonOperator): extraer_data> on 2023-06-18 17:55:08.409541+00:00
[2023-06-18 17:55:15,594] {standard_task_runner.py:52} INFO - Started process 234 to run task
[2023-06-18 17:55:15,602] {standard_task_runner.py:79} INFO - Running: ['***', 'tasks', 'run', 'Regions_ETL', 'extraer_data', 'manual__2023-06-18T17:55:08.409541+00:00', '--job-id', '8', '--raw', '--subdir', 'DAGS_FOLDER/ETL_Regions.py', '--cfg-path', '/tmp/tmplnme9e1_', '--error-file', '/tmp/tmpeh4a1zmk']
[2023-06-18 17:55:15,605] {standard_task_runner.py:80} INFO - Job 8: Subtask extraer_data
[2023-06-18 17:55:15,811] {task_command.py:371} INFO - Running <TaskInstance: Regions_ETL.extraer_data manual__2023-06-18T17:55:08.409541+00:00 [running]> on host 3f545ced9117
[2023-06-18 17:55:15,997] {logging_mixin.py:115} WARNING - /home/***/.local/lib/python3.7/site-packages/***/utils/context.py:202 AirflowContextDeprecationWarning: Accessing 'execution_date' from the template is deprecated and will be removed in a future version. Please use 'data_interval_start' or 'logical_date' instead.
[2023-06-18 17:55:16,198] {taskinstance.py:1591} INFO - Exporting the following env vars:
AIRFLOW_CTX_DAG_OWNER=gastonrios32
AIRFLOW_CTX_DAG_ID=Regions_ETL
AIRFLOW_CTX_TASK_ID=extraer_data
AIRFLOW_CTX_EXECUTION_DATE=2023-06-18T17:55:08.409541+00:00
AIRFLOW_CTX_TRY_NUMBER=1
AIRFLOW_CTX_DAG_RUN_ID=manual__2023-06-18T17:55:08.409541+00:00
[2023-06-18 17:55:16,201] {logging_mixin.py:115} INFO - Adquiriendo data para la fecha: 2023-06-18 17
[2023-06-18 17:55:17,322] {logging_mixin.py:115} INFO - Success!
[2023-06-18 17:55:18,291] {python.py:173} INFO - Done. Returned value was: None
[2023-06-18 17:55:18,347] {taskinstance.py:1420} INFO - Marking task as SUCCESS. dag_id=Regions_ETL, task_id=extraer_data, execution_date=20230618T175508, start_date=20230618T175515, end_date=20230618T175518
[2023-06-18 17:55:18,456] {local_task_job.py:156} INFO - Task exited with return code 0
[2023-06-18 17:55:18,631] {local_task_job.py:273} INFO - 1 downstream tasks scheduled from follow-on schedule check
